<?xml version="1.0" encoding="UTF-8"?>
<!-- Generated by org.testng.reporters.JUnitXMLReporter -->
<testsuite hostname="DESKTOP-G5GRL36" name="Test" tests="10" failures="1" timestamp="22 Dec 2017 12:54:14 GMT" time="171.996" errors="0">
  <testcase name="testLeaveListToolTip" time="2.693" classname="com.hrm.scripts.TestLeaveListToolTip"/>
  <testcase name="testLoginButtonIsPresent" time="0.126" classname="com.hrm.scripts.TestLoginButtonIsPresent"/>
  <testcase name="testJobTitle" time="27.425" classname="com.hrm.scripts.TestJobTitle"/>
  <testcase name="testIncludeListBox" time="2.817" classname="com.hrm.scripts.TestIncludeListBox">
    <failure type="java.lang.AssertionError" message="FAIL:ListBox is Not Sorted expected [true] but found [false]">
      <![CDATA[java.lang.AssertionError: FAIL:ListBox is Not Sorted expected [true] but found [false]
	at com.hrm.base.BasePage.checkListBoxIsSorted(BasePage.java:28)
	at com.hrm.pages.EmpInfoPage.checkIncludeListBoxIsSorted(EmpInfoPage.java:49)
	at com.hrm.scripts.TestIncludeListBox.testIncludeListBox(TestIncludeListBox.java:20)
... Removed 28 stack frames]]>
    </failure>
  </testcase> <!-- testIncludeListBox -->
  <testcase name="testAutoLoginLogout1" time="0.003" classname="com.hrm.scripts.LoginLogoutTest"/>
  <testcase name="loginapp" time="0.003" classname="com.hrm.scripts.Login"/>
  <testcase name="testSearchButton" time="2.116" classname="com.hrm.scripts.TestSearchButton"/>
  <testcase name="testDemoA" time="0.002" classname="com.hrm.scripts.TestNG"/>
  <testcase name="testCreateDeleteEmp" time="30.928" classname="com.hrm.scripts.TestCreateDeleteEmp"/>
  <testcase name="testUserRoleListBox" time="2.966" classname="com.hrm.scripts.TestUserRoleListBox"/>
</testsuite> <!-- Test -->
