<?xml version="1.0" encoding="UTF-8"?>
<!-- Generated by org.testng.reporters.JUnitXMLReporter -->
<testsuite hostname="DESKTOP-G5GRL36" name="Test" tests="8" failures="0" timestamp="22 Dec 2017 13:15:18 GMT" time="0.096" errors="0">
  <testcase name="@BeforeClass initApplication" time="0.0" classname="com.hrm.scripts.TestLeaveListToolTip">
    <failure type="java.lang.NoClassDefFoundError" message="org/openqa/selenium/remote/RemoteWebDriver">
      <![CDATA[java.lang.NoClassDefFoundError: org/openqa/selenium/remote/RemoteWebDriver
	at java.lang.ClassLoader.defineClass1(Native Method)
	at java.lang.ClassLoader.defineClass(Unknown Source)
	at java.security.SecureClassLoader.defineClass(Unknown Source)
	at java.net.URLClassLoader.defineClass(Unknown Source)
	at java.net.URLClassLoader.access$100(Unknown Source)
	at java.net.URLClassLoader$1.run(Unknown Source)
	at java.net.URLClassLoader$1.run(Unknown Source)
	at java.security.AccessController.doPrivileged(Native Method)
	at java.net.URLClassLoader.findClass(Unknown Source)
	at java.lang.ClassLoader.loadClass(Unknown Source)
	at sun.misc.Launcher$AppClassLoader.loadClass(Unknown Source)
	at java.lang.ClassLoader.loadClass(Unknown Source)
	at com.hrm.base.BaseTest.initApplication(BaseTest.java:87)
Caused by: java.lang.ClassNotFoundException: org.openqa.selenium.remote.RemoteWebDriver
	at java.net.URLClassLoader.findClass(Unknown Source)
	at java.lang.ClassLoader.loadClass(Unknown Source)
	at sun.misc.Launcher$AppClassLoader.loadClass(Unknown Source)
	at java.lang.ClassLoader.loadClass(Unknown Source)
	... 40 more
... Removed 27 stack frames]]>
    </failure>
  </testcase> <!-- @BeforeClass initApplication -->
  <testcase name="@BeforeMethod preCondition" time="0.0" classname="com.hrm.scripts.TestLeaveListToolTip">
    <skipped/>
  </testcase> <!-- @BeforeMethod preCondition -->
  <testcase name="@AfterMethod postCondition" time="0.0" classname="com.hrm.scripts.TestLeaveListToolTip">
    <skipped/>
  </testcase> <!-- @AfterMethod postCondition -->
  <testcase name="@AfterClass closeApplication" time="0.0" classname="com.hrm.scripts.TestLeaveListToolTip">
    <skipped/>
  </testcase> <!-- @AfterClass closeApplication -->
  <testcase name="@BeforeClass initApplication" time="0.0" classname="com.hrm.scripts.TestLoginButtonIsPresent">
    <skipped/>
  </testcase> <!-- @BeforeClass initApplication -->
  <testcase name="@BeforeClass noAutoLogin" time="0.0" classname="com.hrm.scripts.TestLoginButtonIsPresent">
    <skipped/>
  </testcase> <!-- @BeforeClass noAutoLogin -->
  <testcase name="@BeforeMethod preCondition" time="0.0" classname="com.hrm.scripts.TestLoginButtonIsPresent">
    <skipped/>
  </testcase> <!-- @BeforeMethod preCondition -->
  <testcase name="@AfterMethod postCondition" time="0.0" classname="com.hrm.scripts.TestLoginButtonIsPresent">
    <skipped/>
  </testcase> <!-- @AfterMethod postCondition -->
  <testcase name="@AfterClass closeApplication" time="0.0" classname="com.hrm.scripts.TestLoginButtonIsPresent">
    <skipped/>
  </testcase> <!-- @AfterClass closeApplication -->
  <testcase name="@BeforeClass initApplication" time="0.0" classname="com.hrm.scripts.TestJobTitle">
    <skipped/>
  </testcase> <!-- @BeforeClass initApplication -->
  <testcase name="@BeforeMethod preCondition" time="0.0" classname="com.hrm.scripts.TestJobTitle">
    <skipped/>
  </testcase> <!-- @BeforeMethod preCondition -->
  <testcase name="@AfterMethod postCondition" time="0.0" classname="com.hrm.scripts.TestJobTitle">
    <skipped/>
  </testcase> <!-- @AfterMethod postCondition -->
  <testcase name="@AfterClass closeApplication" time="0.0" classname="com.hrm.scripts.TestJobTitle">
    <skipped/>
  </testcase> <!-- @AfterClass closeApplication -->
  <testcase name="@BeforeClass initApplication" time="0.0" classname="com.hrm.scripts.TestIncludeListBox">
    <skipped/>
  </testcase> <!-- @BeforeClass initApplication -->
  <testcase name="@AfterClass closeApplication" time="0.0" classname="com.hrm.scripts.TestIncludeListBox">
    <skipped/>
  </testcase> <!-- @AfterClass closeApplication -->
  <testcase name="@BeforeClass initApplication" time="0.0" classname="com.hrm.scripts.LoginLogoutTest">
    <skipped/>
  </testcase> <!-- @BeforeClass initApplication -->
  <testcase name="@BeforeMethod preCondition" time="0.0" classname="com.hrm.scripts.LoginLogoutTest">
    <skipped/>
  </testcase> <!-- @BeforeMethod preCondition -->
  <testcase name="@AfterMethod postCondition" time="0.0" classname="com.hrm.scripts.LoginLogoutTest">
    <skipped/>
  </testcase> <!-- @AfterMethod postCondition -->
  <testcase name="@AfterClass closeApplication" time="0.0" classname="com.hrm.scripts.LoginLogoutTest">
    <skipped/>
  </testcase> <!-- @AfterClass closeApplication -->
  <testcase name="@BeforeClass initApplication" time="0.0" classname="com.hrm.scripts.Login">
    <skipped/>
  </testcase> <!-- @BeforeClass initApplication -->
  <testcase name="@BeforeClass noAutoLogin" time="0.0" classname="com.hrm.scripts.Login">
    <skipped/>
  </testcase> <!-- @BeforeClass noAutoLogin -->
  <testcase name="@BeforeMethod preCondition" time="0.0" classname="com.hrm.scripts.Login">
    <skipped/>
  </testcase> <!-- @BeforeMethod preCondition -->
  <testcase name="@AfterMethod postCondition" time="0.0" classname="com.hrm.scripts.Login">
    <skipped/>
  </testcase> <!-- @AfterMethod postCondition -->
  <testcase name="@AfterClass closeApplication" time="0.0" classname="com.hrm.scripts.Login">
    <skipped/>
  </testcase> <!-- @AfterClass closeApplication -->
  <testcase name="@BeforeClass initApplication" time="0.0" classname="com.hrm.scripts.TestSearchButton">
    <skipped/>
  </testcase> <!-- @BeforeClass initApplication -->
  <testcase name="@BeforeMethod preCondition" time="0.0" classname="com.hrm.scripts.TestSearchButton">
    <skipped/>
  </testcase> <!-- @BeforeMethod preCondition -->
  <testcase name="@AfterMethod postCondition" time="0.0" classname="com.hrm.scripts.TestSearchButton">
    <skipped/>
  </testcase> <!-- @AfterMethod postCondition -->
  <testcase name="@AfterClass closeApplication" time="0.0" classname="com.hrm.scripts.TestSearchButton">
    <skipped/>
  </testcase> <!-- @AfterClass closeApplication -->
  <testcase name="@BeforeClass initApplication" time="0.0" classname="com.hrm.scripts.TestCreateDeleteEmp">
    <skipped/>
  </testcase> <!-- @BeforeClass initApplication -->
  <testcase name="@BeforeMethod preCondition" time="0.0" classname="com.hrm.scripts.TestCreateDeleteEmp">
    <skipped/>
  </testcase> <!-- @BeforeMethod preCondition -->
  <testcase name="@AfterMethod postCondition" time="0.0" classname="com.hrm.scripts.TestCreateDeleteEmp">
    <skipped/>
  </testcase> <!-- @AfterMethod postCondition -->
  <testcase name="@AfterClass closeApplication" time="0.0" classname="com.hrm.scripts.TestCreateDeleteEmp">
    <skipped/>
  </testcase> <!-- @AfterClass closeApplication -->
  <testcase name="@BeforeClass initApplication" time="0.0" classname="com.hrm.scripts.TestUserRoleListBox">
    <skipped/>
  </testcase> <!-- @BeforeClass initApplication -->
  <testcase name="@BeforeMethod preCondition" time="0.0" classname="com.hrm.scripts.TestUserRoleListBox">
    <skipped/>
  </testcase> <!-- @BeforeMethod preCondition -->
  <testcase name="@AfterMethod postCondition" time="0.0" classname="com.hrm.scripts.TestUserRoleListBox">
    <skipped/>
  </testcase> <!-- @AfterMethod postCondition -->
  <testcase name="@AfterClass closeApplication" time="0.0" classname="com.hrm.scripts.TestUserRoleListBox">
    <skipped/>
  </testcase> <!-- @AfterClass closeApplication -->
  <testcase name="testLeaveListToolTip" time="0.001" classname="com.hrm.scripts.TestLeaveListToolTip">
    <skipped/>
  </testcase> <!-- testLeaveListToolTip -->
  <testcase name="testLoginButtonIsPresent" time="0.0" classname="com.hrm.scripts.TestLoginButtonIsPresent">
    <skipped/>
  </testcase> <!-- testLoginButtonIsPresent -->
  <testcase name="testJobTitle" time="0.0" classname="com.hrm.scripts.TestJobTitle">
    <skipped/>
  </testcase> <!-- testJobTitle -->
  <testcase name="testAutoLoginLogout1" time="0.0" classname="com.hrm.scripts.LoginLogoutTest">
    <skipped/>
  </testcase> <!-- testAutoLoginLogout1 -->
  <testcase name="loginapp" time="0.0" classname="com.hrm.scripts.Login">
    <skipped/>
  </testcase> <!-- loginapp -->
  <testcase name="testSearchButton" time="0.0" classname="com.hrm.scripts.TestSearchButton">
    <skipped/>
  </testcase> <!-- testSearchButton -->
  <testcase name="testCreateDeleteEmp" time="0.0" classname="com.hrm.scripts.TestCreateDeleteEmp">
    <skipped/>
  </testcase> <!-- testCreateDeleteEmp -->
  <testcase name="testUserRoleListBox" time="0.0" classname="com.hrm.scripts.TestUserRoleListBox">
    <skipped/>
  </testcase> <!-- testUserRoleListBox -->
</testsuite> <!-- Test -->
