<?xml version="1.0" encoding="UTF-8"?>
<testng-results skipped="8" failed="0" total="8" passed="0">
  <reporter-output>
  </reporter-output>
  <suite name="Suite" duration-ms="96" started-at="2017-12-22T13:15:18Z" finished-at="2017-12-22T13:15:18Z">
    <groups>
    </groups>
    <test name="Test" duration-ms="96" started-at="2017-12-22T13:15:18Z" finished-at="2017-12-22T13:15:18Z">
      <class name="com.hrm.scripts.TestLeaveListToolTip">
        <test-method status="PASS" signature="initFrameWork()[pri:0, instance:com.hrm.scripts.TestLeaveListToolTip@146ba0ac]" name="initFrameWork" is-config="true" duration-ms="286" started-at="2017-12-22T18:45:18Z" finished-at="2017-12-22T18:45:18Z">
          <reporter-output>
          </reporter-output>
        </test-method> <!-- initFrameWork -->
        <test-method status="PASS" signature="initGlobalVar()[pri:0, instance:com.hrm.scripts.TestLeaveListToolTip@146ba0ac]" name="initGlobalVar" is-config="true" duration-ms="1" started-at="2017-12-22T18:45:18Z" finished-at="2017-12-22T18:45:18Z">
          <reporter-output>
          </reporter-output>
        </test-method> <!-- initGlobalVar -->
        <test-method status="FAIL" signature="initApplication(java.lang.String)[pri:0, instance:com.hrm.scripts.TestLeaveListToolTip@146ba0ac]" name="initApplication" is-config="true" duration-ms="0" started-at="2017-12-22T18:45:18Z" finished-at="2017-12-22T18:45:18Z">
          <params>
            <param index="0">
              <value>
                <![CDATA[chrome]]>
              </value>
            </param>
          </params>
          <exception class="java.lang.NoClassDefFoundError">
            <message>
              <![CDATA[org/openqa/selenium/remote/RemoteWebDriver]]>
            </message>
            <full-stacktrace>
              <![CDATA[java.lang.NoClassDefFoundError: org/openqa/selenium/remote/RemoteWebDriver
	at java.lang.ClassLoader.defineClass1(Native Method)
	at java.lang.ClassLoader.defineClass(Unknown Source)
	at java.security.SecureClassLoader.defineClass(Unknown Source)
	at java.net.URLClassLoader.defineClass(Unknown Source)
	at java.net.URLClassLoader.access$100(Unknown Source)
	at java.net.URLClassLoader$1.run(Unknown Source)
	at java.net.URLClassLoader$1.run(Unknown Source)
	at java.security.AccessController.doPrivileged(Native Method)
	at java.net.URLClassLoader.findClass(Unknown Source)
	at java.lang.ClassLoader.loadClass(Unknown Source)
	at sun.misc.Launcher$AppClassLoader.loadClass(Unknown Source)
	at java.lang.ClassLoader.loadClass(Unknown Source)
	at com.hrm.base.BaseTest.initApplication(BaseTest.java:87)
	at sun.reflect.NativeMethodAccessorImpl.invoke0(Native Method)
	at sun.reflect.NativeMethodAccessorImpl.invoke(Unknown Source)
	at sun.reflect.DelegatingMethodAccessorImpl.invoke(Unknown Source)
	at java.lang.reflect.Method.invoke(Unknown Source)
	at org.testng.internal.MethodInvocationHelper.invokeMethod(MethodInvocationHelper.java:86)
	at org.testng.internal.Invoker.invokeConfigurationMethod(Invoker.java:514)
	at org.testng.internal.Invoker.invokeConfigurations(Invoker.java:215)
	at org.testng.internal.Invoker.invokeConfigurations(Invoker.java:142)
	at org.testng.internal.TestMethodWorker.invokeBeforeClassMethods(TestMethodWorker.java:178)
	at org.testng.internal.TestMethodWorker.run(TestMethodWorker.java:108)
	at org.testng.TestRunner.privateRun(TestRunner.java:782)
	at org.testng.TestRunner.run(TestRunner.java:632)
	at org.testng.SuiteRunner.runTest(SuiteRunner.java:366)
	at org.testng.SuiteRunner.runSequentially(SuiteRunner.java:361)
	at org.testng.SuiteRunner.privateRun(SuiteRunner.java:319)
	at org.testng.SuiteRunner.run(SuiteRunner.java:268)
	at org.testng.SuiteRunnerWorker.runSuite(SuiteRunnerWorker.java:52)
	at org.testng.SuiteRunnerWorker.run(SuiteRunnerWorker.java:86)
	at org.testng.TestNG.runSuitesSequentially(TestNG.java:1244)
	at org.testng.TestNG.runSuitesLocally(TestNG.java:1169)
	at org.testng.TestNG.run(TestNG.java:1064)
	at org.apache.maven.surefire.testng.TestNGExecutor.run(TestNGExecutor.java:281)
	at org.apache.maven.surefire.testng.TestNGXmlTestSuite.execute(TestNGXmlTestSuite.java:75)
	at org.apache.maven.surefire.testng.TestNGProvider.invoke(TestNGProvider.java:121)
	at org.apache.maven.surefire.booter.ForkedBooter.invokeProviderInSameClassLoader(ForkedBooter.java:290)
	at org.apache.maven.surefire.booter.ForkedBooter.runSuitesInProcess(ForkedBooter.java:242)
	at org.apache.maven.surefire.booter.ForkedBooter.main(ForkedBooter.java:121)
Caused by: java.lang.ClassNotFoundException: org.openqa.selenium.remote.RemoteWebDriver
	at java.net.URLClassLoader.findClass(Unknown Source)
	at java.lang.ClassLoader.loadClass(Unknown Source)
	at sun.misc.Launcher$AppClassLoader.loadClass(Unknown Source)
	at java.lang.ClassLoader.loadClass(Unknown Source)
	... 40 more
]]>
            </full-stacktrace>
          </exception> <!-- java.lang.NoClassDefFoundError -->
          <reporter-output>
          </reporter-output>
        </test-method> <!-- initApplication -->
        <test-method status="SKIP" signature="preCondition(java.lang.reflect.Method)[pri:0, instance:com.hrm.scripts.TestLeaveListToolTip@146ba0ac]" name="preCondition" is-config="true" duration-ms="0" started-at="2017-12-22T18:45:18Z" finished-at="2017-12-22T18:45:18Z">
          <reporter-output>
          </reporter-output>
        </test-method> <!-- preCondition -->
        <test-method status="SKIP" signature="testLeaveListToolTip()[pri:8, instance:com.hrm.scripts.TestLeaveListToolTip@146ba0ac]" name="testLeaveListToolTip" duration-ms="1" started-at="2017-12-22T18:45:18Z" finished-at="2017-12-22T18:45:18Z">
          <reporter-output>
          </reporter-output>
        </test-method> <!-- testLeaveListToolTip -->
        <test-method status="SKIP" signature="closeApplication()[pri:0, instance:com.hrm.scripts.TestLeaveListToolTip@146ba0ac]" name="closeApplication" is-config="true" duration-ms="0" started-at="2017-12-22T18:45:18Z" finished-at="2017-12-22T18:45:18Z">
          <reporter-output>
          </reporter-output>
        </test-method> <!-- closeApplication -->
        <test-method status="SKIP" signature="postCondition(org.testng.ITestResult)[pri:0, instance:com.hrm.scripts.TestLeaveListToolTip@146ba0ac]" name="postCondition" is-config="true" duration-ms="0" started-at="2017-12-22T18:45:18Z" finished-at="2017-12-22T18:45:18Z">
          <reporter-output>
          </reporter-output>
        </test-method> <!-- postCondition -->
        <test-method status="SKIP" signature="publishReport()[pri:0, instance:com.hrm.scripts.TestLeaveListToolTip@146ba0ac]" name="publishReport" is-config="true" duration-ms="0" started-at="2017-12-22T18:45:18Z" finished-at="2017-12-22T18:45:18Z">
          <reporter-output>
          </reporter-output>
        </test-method> <!-- publishReport -->
      </class> <!-- com.hrm.scripts.TestLeaveListToolTip -->
      <class name="com.hrm.scripts.Login">
        <test-method status="SKIP" signature="initApplication(java.lang.String)[pri:0, instance:com.hrm.scripts.Login@13deb50e]" name="initApplication" is-config="true" duration-ms="0" started-at="2017-12-22T18:45:18Z" finished-at="2017-12-22T18:45:18Z">
          <reporter-output>
          </reporter-output>
        </test-method> <!-- initApplication -->
        <test-method status="SKIP" signature="noAutoLogin()[pri:0, instance:com.hrm.scripts.Login@13deb50e]" name="noAutoLogin" is-config="true" duration-ms="0" started-at="2017-12-22T18:45:18Z" finished-at="2017-12-22T18:45:18Z">
          <reporter-output>
          </reporter-output>
        </test-method> <!-- noAutoLogin -->
        <test-method status="SKIP" signature="loginapp()[pri:0, instance:com.hrm.scripts.Login@13deb50e]" name="loginapp" duration-ms="0" started-at="2017-12-22T18:45:18Z" finished-at="2017-12-22T18:45:18Z">
          <reporter-output>
          </reporter-output>
        </test-method> <!-- loginapp -->
        <test-method status="SKIP" signature="preCondition(java.lang.reflect.Method)[pri:0, instance:com.hrm.scripts.Login@13deb50e]" name="preCondition" is-config="true" duration-ms="0" started-at="2017-12-22T18:45:18Z" finished-at="2017-12-22T18:45:18Z">
          <reporter-output>
          </reporter-output>
        </test-method> <!-- preCondition -->
        <test-method status="SKIP" signature="postCondition(org.testng.ITestResult)[pri:0, instance:com.hrm.scripts.Login@13deb50e]" name="postCondition" is-config="true" duration-ms="0" started-at="2017-12-22T18:45:18Z" finished-at="2017-12-22T18:45:18Z">
          <reporter-output>
          </reporter-output>
        </test-method> <!-- postCondition -->
        <test-method status="SKIP" signature="closeApplication()[pri:0, instance:com.hrm.scripts.Login@13deb50e]" name="closeApplication" is-config="true" duration-ms="0" started-at="2017-12-22T18:45:18Z" finished-at="2017-12-22T18:45:18Z">
          <reporter-output>
          </reporter-output>
        </test-method> <!-- closeApplication -->
      </class> <!-- com.hrm.scripts.Login -->
      <class name="com.hrm.scripts.TestCreateDeleteEmp">
        <test-method status="SKIP" signature="initApplication(java.lang.String)[pri:0, instance:com.hrm.scripts.TestCreateDeleteEmp@57fffcd7]" name="initApplication" is-config="true" duration-ms="0" started-at="2017-12-22T18:45:18Z" finished-at="2017-12-22T18:45:18Z">
          <reporter-output>
          </reporter-output>
        </test-method> <!-- initApplication -->
        <test-method status="SKIP" signature="preCondition(java.lang.reflect.Method)[pri:0, instance:com.hrm.scripts.TestCreateDeleteEmp@57fffcd7]" name="preCondition" is-config="true" duration-ms="0" started-at="2017-12-22T18:45:18Z" finished-at="2017-12-22T18:45:18Z">
          <reporter-output>
          </reporter-output>
        </test-method> <!-- preCondition -->
        <test-method status="SKIP" signature="testCreateDeleteEmp()[pri:4, instance:com.hrm.scripts.TestCreateDeleteEmp@57fffcd7]" name="testCreateDeleteEmp" duration-ms="0" started-at="2017-12-22T18:45:18Z" finished-at="2017-12-22T18:45:18Z">
          <reporter-output>
          </reporter-output>
        </test-method> <!-- testCreateDeleteEmp -->
        <test-method status="SKIP" signature="postCondition(org.testng.ITestResult)[pri:0, instance:com.hrm.scripts.TestCreateDeleteEmp@57fffcd7]" name="postCondition" is-config="true" duration-ms="0" started-at="2017-12-22T18:45:18Z" finished-at="2017-12-22T18:45:18Z">
          <reporter-output>
          </reporter-output>
        </test-method> <!-- postCondition -->
        <test-method status="SKIP" signature="closeApplication()[pri:0, instance:com.hrm.scripts.TestCreateDeleteEmp@57fffcd7]" name="closeApplication" is-config="true" duration-ms="0" started-at="2017-12-22T18:45:18Z" finished-at="2017-12-22T18:45:18Z">
          <reporter-output>
          </reporter-output>
        </test-method> <!-- closeApplication -->
      </class> <!-- com.hrm.scripts.TestCreateDeleteEmp -->
      <class name="com.hrm.scripts.TestSearchButton">
        <test-method status="SKIP" signature="initApplication(java.lang.String)[pri:0, instance:com.hrm.scripts.TestSearchButton@239963d8]" name="initApplication" is-config="true" duration-ms="0" started-at="2017-12-22T18:45:18Z" finished-at="2017-12-22T18:45:18Z">
          <reporter-output>
          </reporter-output>
        </test-method> <!-- initApplication -->
        <test-method status="SKIP" signature="preCondition(java.lang.reflect.Method)[pri:0, instance:com.hrm.scripts.TestSearchButton@239963d8]" name="preCondition" is-config="true" duration-ms="0" started-at="2017-12-22T18:45:18Z" finished-at="2017-12-22T18:45:18Z">
          <reporter-output>
          </reporter-output>
        </test-method> <!-- preCondition -->
        <test-method status="SKIP" signature="testSearchButton()[pri:2, instance:com.hrm.scripts.TestSearchButton@239963d8]" name="testSearchButton" duration-ms="0" started-at="2017-12-22T18:45:18Z" finished-at="2017-12-22T18:45:18Z">
          <reporter-output>
          </reporter-output>
        </test-method> <!-- testSearchButton -->
        <test-method status="SKIP" signature="postCondition(org.testng.ITestResult)[pri:0, instance:com.hrm.scripts.TestSearchButton@239963d8]" name="postCondition" is-config="true" duration-ms="0" started-at="2017-12-22T18:45:18Z" finished-at="2017-12-22T18:45:18Z">
          <reporter-output>
          </reporter-output>
        </test-method> <!-- postCondition -->
        <test-method status="SKIP" signature="closeApplication()[pri:0, instance:com.hrm.scripts.TestSearchButton@239963d8]" name="closeApplication" is-config="true" duration-ms="0" started-at="2017-12-22T18:45:18Z" finished-at="2017-12-22T18:45:18Z">
          <reporter-output>
          </reporter-output>
        </test-method> <!-- closeApplication -->
      </class> <!-- com.hrm.scripts.TestSearchButton -->
      <class name="com.hrm.scripts.LoginLogoutTest">
        <test-method status="SKIP" signature="initApplication(java.lang.String)[pri:0, instance:com.hrm.scripts.LoginLogoutTest@f6c48ac]" name="initApplication" is-config="true" duration-ms="0" started-at="2017-12-22T18:45:18Z" finished-at="2017-12-22T18:45:18Z">
          <reporter-output>
          </reporter-output>
        </test-method> <!-- initApplication -->
        <test-method status="SKIP" signature="preCondition(java.lang.reflect.Method)[pri:0, instance:com.hrm.scripts.LoginLogoutTest@f6c48ac]" name="preCondition" is-config="true" duration-ms="0" started-at="2017-12-22T18:45:18Z" finished-at="2017-12-22T18:45:18Z">
          <reporter-output>
          </reporter-output>
        </test-method> <!-- preCondition -->
        <test-method status="SKIP" signature="testAutoLoginLogout1()[pri:1, instance:com.hrm.scripts.LoginLogoutTest@f6c48ac]" name="testAutoLoginLogout1" duration-ms="0" started-at="2017-12-22T18:45:18Z" finished-at="2017-12-22T18:45:18Z">
          <reporter-output>
          </reporter-output>
        </test-method> <!-- testAutoLoginLogout1 -->
        <test-method status="SKIP" signature="postCondition(org.testng.ITestResult)[pri:0, instance:com.hrm.scripts.LoginLogoutTest@f6c48ac]" name="postCondition" is-config="true" duration-ms="0" started-at="2017-12-22T18:45:18Z" finished-at="2017-12-22T18:45:18Z">
          <reporter-output>
          </reporter-output>
        </test-method> <!-- postCondition -->
        <test-method status="SKIP" signature="closeApplication()[pri:0, instance:com.hrm.scripts.LoginLogoutTest@f6c48ac]" name="closeApplication" is-config="true" duration-ms="0" started-at="2017-12-22T18:45:18Z" finished-at="2017-12-22T18:45:18Z">
          <reporter-output>
          </reporter-output>
        </test-method> <!-- closeApplication -->
      </class> <!-- com.hrm.scripts.LoginLogoutTest -->
      <class name="com.hrm.scripts.TestIncludeListBox">
        <test-method status="SKIP" signature="initApplication(java.lang.String)[pri:0, instance:com.hrm.scripts.TestIncludeListBox@464bee09]" name="initApplication" is-config="true" duration-ms="0" started-at="2017-12-22T18:45:18Z" finished-at="2017-12-22T18:45:18Z">
          <reporter-output>
          </reporter-output>
        </test-method> <!-- initApplication -->
        <test-method status="SKIP" signature="closeApplication()[pri:0, instance:com.hrm.scripts.TestIncludeListBox@464bee09]" name="closeApplication" is-config="true" duration-ms="0" started-at="2017-12-22T18:45:18Z" finished-at="2017-12-22T18:45:18Z">
          <reporter-output>
          </reporter-output>
        </test-method> <!-- closeApplication -->
      </class> <!-- com.hrm.scripts.TestIncludeListBox -->
      <class name="com.hrm.scripts.TestUserRoleListBox">
        <test-method status="SKIP" signature="preCondition(java.lang.reflect.Method)[pri:0, instance:com.hrm.scripts.TestUserRoleListBox@31ef45e3]" name="preCondition" is-config="true" duration-ms="0" started-at="2017-12-22T18:45:18Z" finished-at="2017-12-22T18:45:18Z">
          <reporter-output>
          </reporter-output>
        </test-method> <!-- preCondition -->
        <test-method status="SKIP" signature="initApplication(java.lang.String)[pri:0, instance:com.hrm.scripts.TestUserRoleListBox@31ef45e3]" name="initApplication" is-config="true" duration-ms="0" started-at="2017-12-22T18:45:18Z" finished-at="2017-12-22T18:45:18Z">
          <reporter-output>
          </reporter-output>
        </test-method> <!-- initApplication -->
        <test-method status="SKIP" signature="postCondition(org.testng.ITestResult)[pri:0, instance:com.hrm.scripts.TestUserRoleListBox@31ef45e3]" name="postCondition" is-config="true" duration-ms="0" started-at="2017-12-22T18:45:18Z" finished-at="2017-12-22T18:45:18Z">
          <reporter-output>
          </reporter-output>
        </test-method> <!-- postCondition -->
        <test-method status="SKIP" signature="testUserRoleListBox()[pri:7, instance:com.hrm.scripts.TestUserRoleListBox@31ef45e3]" name="testUserRoleListBox" duration-ms="0" started-at="2017-12-22T18:45:18Z" finished-at="2017-12-22T18:45:18Z">
          <reporter-output>
          </reporter-output>
        </test-method> <!-- testUserRoleListBox -->
        <test-method status="SKIP" signature="closeApplication()[pri:0, instance:com.hrm.scripts.TestUserRoleListBox@31ef45e3]" name="closeApplication" is-config="true" duration-ms="0" started-at="2017-12-22T18:45:18Z" finished-at="2017-12-22T18:45:18Z">
          <reporter-output>
          </reporter-output>
        </test-method> <!-- closeApplication -->
      </class> <!-- com.hrm.scripts.TestUserRoleListBox -->
      <class name="com.hrm.scripts.TestJobTitle">
        <test-method status="SKIP" signature="initApplication(java.lang.String)[pri:0, instance:com.hrm.scripts.TestJobTitle@6eebc39e]" name="initApplication" is-config="true" duration-ms="0" started-at="2017-12-22T18:45:18Z" finished-at="2017-12-22T18:45:18Z">
          <reporter-output>
          </reporter-output>
        </test-method> <!-- initApplication -->
        <test-method status="SKIP" signature="preCondition(java.lang.reflect.Method)[pri:0, instance:com.hrm.scripts.TestJobTitle@6eebc39e]" name="preCondition" is-config="true" duration-ms="0" started-at="2017-12-22T18:45:18Z" finished-at="2017-12-22T18:45:18Z">
          <reporter-output>
          </reporter-output>
        </test-method> <!-- preCondition -->
        <test-method status="SKIP" signature="postCondition(org.testng.ITestResult)[pri:0, instance:com.hrm.scripts.TestJobTitle@6eebc39e]" name="postCondition" is-config="true" duration-ms="0" started-at="2017-12-22T18:45:18Z" finished-at="2017-12-22T18:45:18Z">
          <reporter-output>
          </reporter-output>
        </test-method> <!-- postCondition -->
        <test-method status="SKIP" signature="testJobTitle()[pri:6, instance:com.hrm.scripts.TestJobTitle@6eebc39e]" name="testJobTitle" duration-ms="0" started-at="2017-12-22T18:45:18Z" finished-at="2017-12-22T18:45:18Z">
          <reporter-output>
          </reporter-output>
        </test-method> <!-- testJobTitle -->
        <test-method status="SKIP" signature="closeApplication()[pri:0, instance:com.hrm.scripts.TestJobTitle@6eebc39e]" name="closeApplication" is-config="true" duration-ms="0" started-at="2017-12-22T18:45:18Z" finished-at="2017-12-22T18:45:18Z">
          <reporter-output>
          </reporter-output>
        </test-method> <!-- closeApplication -->
      </class> <!-- com.hrm.scripts.TestJobTitle -->
      <class name="com.hrm.scripts.TestLoginButtonIsPresent">
        <test-method status="SKIP" signature="initApplication(java.lang.String)[pri:0, instance:com.hrm.scripts.TestLoginButtonIsPresent@4dfa3a9d]" name="initApplication" is-config="true" duration-ms="0" started-at="2017-12-22T18:45:18Z" finished-at="2017-12-22T18:45:18Z">
          <reporter-output>
          </reporter-output>
        </test-method> <!-- initApplication -->
        <test-method status="SKIP" signature="testLoginButtonIsPresent()[pri:3, instance:com.hrm.scripts.TestLoginButtonIsPresent@4dfa3a9d]" name="testLoginButtonIsPresent" duration-ms="0" started-at="2017-12-22T18:45:18Z" finished-at="2017-12-22T18:45:18Z">
          <reporter-output>
          </reporter-output>
        </test-method> <!-- testLoginButtonIsPresent -->
        <test-method status="SKIP" signature="preCondition(java.lang.reflect.Method)[pri:0, instance:com.hrm.scripts.TestLoginButtonIsPresent@4dfa3a9d]" name="preCondition" is-config="true" duration-ms="0" started-at="2017-12-22T18:45:18Z" finished-at="2017-12-22T18:45:18Z">
          <reporter-output>
          </reporter-output>
        </test-method> <!-- preCondition -->
        <test-method status="SKIP" signature="noAutoLogin()[pri:0, instance:com.hrm.scripts.TestLoginButtonIsPresent@4dfa3a9d]" name="noAutoLogin" is-config="true" duration-ms="0" started-at="2017-12-22T18:45:18Z" finished-at="2017-12-22T18:45:18Z">
          <reporter-output>
          </reporter-output>
        </test-method> <!-- noAutoLogin -->
        <test-method status="SKIP" signature="closeApplication()[pri:0, instance:com.hrm.scripts.TestLoginButtonIsPresent@4dfa3a9d]" name="closeApplication" is-config="true" duration-ms="0" started-at="2017-12-22T18:45:18Z" finished-at="2017-12-22T18:45:18Z">
          <reporter-output>
          </reporter-output>
        </test-method> <!-- closeApplication -->
        <test-method status="SKIP" signature="postCondition(org.testng.ITestResult)[pri:0, instance:com.hrm.scripts.TestLoginButtonIsPresent@4dfa3a9d]" name="postCondition" is-config="true" duration-ms="0" started-at="2017-12-22T18:45:18Z" finished-at="2017-12-22T18:45:18Z">
          <reporter-output>
          </reporter-output>
        </test-method> <!-- postCondition -->
      </class> <!-- com.hrm.scripts.TestLoginButtonIsPresent -->
    </test> <!-- Test -->
  </suite> <!-- Suite -->
</testng-results>
